<?xml version="1.0" encoding="UTF-8"?>
<!-- Generated by org.testng.reporters.JUnitReportReporter -->
<testsuite skipped="0" hostname="Nikhils-MacBook-Pro.local" name="rest.ReqRes" tests="2" failures="0" timestamp="25 Nov 2022 17:14:37 GMT" time="5.416" errors="0">
  <testcase name="verifyEmailAddress" time="4.594" classname="rest.ReqRes"/>
  <testcase name="verifyStatusCode" time="0.822" classname="rest.ReqRes"/>
</testsuite> <!-- rest.ReqRes -->
